# JRE version: OpenJDK Runtime Environment (17.0.14+7) (build 17.0.14+7-Ubuntu-122.04.1)
# Java VM: OpenJDK 64-Bit Server VM (17.0.14+7-Ubuntu-122.04.1, mixed mode, emulated-client, sharing, tiered, compressed oops, compressed class ptrs, g1 gc, linux-amd64)
GC Precious Log:
 CPUs: 8 total, 8 available
 Memory: 15840M
 Large Page Support: Disabled
 NUMA Support: Disabled
 Compressed Oops: Enabled (Zero based)
 Heap Region Size: 2M
 Heap Min Capacity: 8M
 Heap Initial Capacity: 248M
 Heap Max Capacity: 3962M
 Pre-touch: Disabled
 Parallel Workers: 8
 Concurrent Workers: 2
 Concurrent Refinement Workers: 8
 Periodic GC: Disabled
Heap:
 garbage-first heap   total 83968K, used 55921K [0x0000000708600000, 0x0000000800000000)
  region size 2048K, 12 young (24576K), 1 survivors (2048K)
 Metaspace       used 77502K, committed 78272K, reserved 1179648K
  class space    used 11260K, committed 11584K, reserved 1048576K
GC Heap History (20 events):
Event: 2,265 GC heap before
{Heap before GC invocations=7 (full 0):
 garbage-first heap   total 69632K, used 41780K [0x0000000708600000, 0x0000000800000000)
  region size 2048K, 13 young (26624K), 2 survivors (4096K)
 Metaspace       used 35771K, committed 36160K, reserved 1114112K
  class space    used 5075K, committed 5248K, reserved 1048576K
}
Event: 2,269 GC heap after
{Heap after GC invocations=8 (full 0):
 garbage-first heap   total 83968K, used 22517K [0x0000000708600000, 0x0000000800000000)
  region size 2048K, 1 young (2048K), 1 survivors (2048K)
 Metaspace       used 35771K, committed 36160K, reserved 1114112K
  class space    used 5075K, committed 5248K, reserved 1048576K
}
Event: 2,714 GC heap before
{Heap before GC invocations=9 (full 0):
 garbage-first heap   total 83968K, used 57333K [0x0000000708600000, 0x0000000800000000)
  region size 2048K, 18 young (36864K), 1 survivors (2048K)
 Metaspace       used 46605K, committed 47104K, reserved 1114112K
  class space    used 6618K, committed 6848K, reserved 1048576K
}
Event: 2,717 GC heap after
{Heap after GC invocations=10 (full 0):
 garbage-first heap   total 83968K, used 24463K [0x0000000708600000, 0x0000000800000000)
  region size 2048K, 2 young (4096K), 2 survivors (4096K)
 Metaspace       used 46605K, committed 47104K, reserved 1114112K
  class space    used 6618K, committed 6848K, reserved 1048576K
}
Event: 3,079 GC heap before
{Heap before GC invocations=10 (full 0):
 garbage-first heap   total 83968K, used 57231K [0x0000000708600000, 0x0000000800000000)
  region size 2048K, 19 young (38912K), 2 survivors (4096K)
 Metaspace       used 53809K, committed 54400K, reserved 1114112K
  class space    used 7673K, committed 7936K, reserved 1048576K
}
Event: 3,083 GC heap after
{Heap after GC invocations=11 (full 0):
 garbage-first heap   total 83968K, used 25999K [0x0000000708600000, 0x0000000800000000)
  region size 2048K, 3 young (6144K), 3 survivors (6144K)
 Metaspace       used 53809K, committed 54400K, reserved 1114112K
  class space    used 7673K, committed 7936K, reserved 1048576K
}
Event: 3,420 GC heap before
{Heap before GC invocations=11 (full 0):
 garbage-first heap   total 83968K, used 56719K [0x0000000708600000, 0x0000000800000000)
  region size 2048K, 19 young (38912K), 3 survivors (6144K)
 Metaspace       used 60160K, committed 60736K, reserved 1114112K
  class space    used 8725K, committed 8960K, reserved 1048576K
}
Event: 3,424 GC heap after
{Heap after GC invocations=12 (full 0):
 garbage-first heap   total 83968K, used 27164K [0x0000000708600000, 0x0000000800000000)
  region size 2048K, 2 young (4096K), 2 survivors (4096K)
 Metaspace       used 60160K, committed 60736K, reserved 1114112K
  class space    used 8725K, committed 8960K, reserved 1048576K
}
Event: 3,807 GC heap before
{Heap before GC invocations=13 (full 0):
 garbage-first heap   total 83968K, used 61980K [0x0000000708600000, 0x0000000800000000)
  region size 2048K, 19 young (38912K), 2 survivors (4096K)
 Metaspace       used 65272K, committed 65856K, reserved 1114112K
  class space    used 9493K, committed 9792K, reserved 1048576K
}
Event: 3,811 GC heap after
{Heap after GC invocations=14 (full 0):
 garbage-first heap   total 83968K, used 29689K [0x0000000708600000, 0x0000000800000000)
  region size 2048K, 3 young (6144K), 3 survivors (6144K)
 Metaspace       used 65272K, committed 65856K, reserved 1114112K
  class space    used 9493K, committed 9792K, reserved 1048576K
}
Event: 4,171 GC heap before
{Heap before GC invocations=14 (full 0):
 garbage-first heap   total 83968K, used 62457K [0x0000000708600000, 0x0000000800000000)
  region size 2048K, 19 young (38912K), 3 survivors (6144K)
 Metaspace       used 68862K, committed 69504K, reserved 1114112K
  class space    used 9996K, committed 10304K, reserved 1048576K
}
Event: 4,175 GC heap after
{Heap after GC invocations=15 (full 0):
 garbage-first heap   total 83968K, used 32806K [0x0000000708600000, 0x0000000800000000)
  region size 2048K, 3 young (6144K), 3 survivors (6144K)
 Metaspace       used 68862K, committed 69504K, reserved 1114112K
  class space    used 9996K, committed 10304K, reserved 1048576K
}
Event: 11,475 GC heap before
{Heap before GC invocations=15 (full 0):
 garbage-first heap   total 83968K, used 59430K [0x0000000708600000, 0x0000000800000000)
  region size 2048K, 17 young (34816K), 3 survivors (6144K)
 Metaspace       used 73436K, committed 74112K, reserved 1114112K
  class space    used 10653K, committed 10944K, reserved 1048576K
}
Event: 11,480 GC heap after
{Heap after GC invocations=16 (full 0):
 garbage-first heap   total 83968K, used 34170K [0x0000000708600000, 0x0000000800000000)
  region size 2048K, 3 young (6144K), 3 survivors (6144K)
 Metaspace       used 73436K, committed 74112K, reserved 1114112K
  class space    used 10653K, committed 10944K, reserved 1048576K
}
Event: 223,660 GC heap before
{Heap before GC invocations=16 (full 0):
 garbage-first heap   total 83968K, used 58746K [0x0000000708600000, 0x0000000800000000)
  region size 2048K, 16 young (32768K), 3 survivors (6144K)
 Metaspace       used 76967K, committed 77696K, reserved 1179648K
  class space    used 11197K, committed 11520K, reserved 1048576K
}
Event: 223,675 GC heap after
{Heap after GC invocations=17 (full 0):
 garbage-first heap   total 83968K, used 35249K [0x0000000708600000, 0x0000000800000000)
  region size 2048K, 2 young (4096K), 2 survivors (4096K)
 Metaspace       used 76967K, committed 77696K, reserved 1179648K
  class space    used 11197K, committed 11520K, reserved 1048576K
}
Event: 769,334 GC heap before
{Heap before GC invocations=17 (full 0):
 garbage-first heap   total 83968K, used 63921K [0x0000000708600000, 0x0000000800000000)
  region size 2048K, 16 young (32768K), 2 survivors (4096K)
 Metaspace       used 77081K, committed 77824K, reserved 1179648K
  class space    used 11215K, committed 11584K, reserved 1048576K
}
Event: 769,336 GC heap after
{Heap after GC invocations=18 (full 0):
 garbage-first heap   total 83968K, used 35594K [0x0000000708600000, 0x0000000800000000)
  region size 2048K, 1 young (2048K), 1 survivors (2048K)
 Metaspace       used 77081K, committed 77824K, reserved 1179648K
  class space    used 11215K, committed 11584K, reserved 1048576K
}
Event: 1319,433 GC heap before
{Heap before GC invocations=18 (full 0):
 garbage-first heap   total 83968K, used 64266K [0x0000000708600000, 0x0000000800000000)
  region size 2048K, 15 young (30720K), 1 survivors (2048K)
 Metaspace       used 77180K, committed 77952K, reserved 1179648K
  class space    used 11236K, committed 11584K, reserved 1048576K
}
Event: 1319,435 GC heap after
{Heap after GC invocations=19 (full 0):
 garbage-first heap   total 83968K, used 35441K [0x0000000708600000, 0x0000000800000000)
  region size 2048K, 1 young (2048K), 1 survivors (2048K)
 Metaspace       used 77180K, committed 77952K, reserved 1179648K
  class space    used 11236K, committed 11584K, reserved 1048576K
}

